# CUDA_PROFILE_LOG_VERSION 2.0
# CUDA_DEVICE 0 GeForce GTS 450
# CUDA_CONTEXT 1
# TIMESTAMPFACTOR fffff6aa56a5cb68
method,gputime,cputime,occupancy
method=[ memcpyHtoD ] gputime=[ 6.016 ] cputime=[ 14.000 ] 
method=[ memcpyHtoD ] gputime=[ 0.864 ] cputime=[ 8.000 ] 
method=[ memcpyHtoD ] gputime=[ 49.888 ] cputime=[ 52.000 ] 
method=[ _Z14ncspline_setupIfEvmPKT_S2_PS0_S3_S3_S3_ ] gputime=[ 15.744 ] cputime=[ 18.000 ] occupancy=[ 0.167 ] 
method=[ _Z7tridiagIfEvmPT_S1_S1_S1_S1_ ] gputime=[ 1299.296 ] cputime=[ 6.000 ] occupancy=[ 0.021 ] 
method=[ _Z17ncspline_teardownIfEvmPKT_S2_S2_PS0_S3_ ] gputime=[ 15.584 ] cputime=[ 7.000 ] occupancy=[ 0.167 ] 
method=[ _Z13splint_singleIfEvmPKT_S2_S2_S2_S2_mS2_PS0_ ] gputime=[ 10192.352 ] cputime=[ 7.000 ] occupancy=[ 0.021 ] 
method=[ _Z14ncspline_setupIfEvmPKT_S2_PS0_S3_S3_S3_ ] gputime=[ 12.384 ] cputime=[ 8.000 ] occupancy=[ 0.167 ] 
method=[ _Z7tridiagIfEvmPT_S1_S1_S1_S1_ ] gputime=[ 1296.096 ] cputime=[ 5.000 ] occupancy=[ 0.021 ] 
method=[ _Z17ncspline_teardownIfEvmPKT_S2_S2_PS0_S3_ ] gputime=[ 14.464 ] cputime=[ 5.000 ] occupancy=[ 0.167 ] 
method=[ _Z20splint_linear_searchIfEvmPKT_S2_S2_S2_S2_mS2_PS0_ ] gputime=[ 18294.400 ] cputime=[ 6.000 ] occupancy=[ 0.167 ] 
method=[ _Z14ncspline_setupIfEvmPKT_S2_PS0_S3_S3_S3_ ] gputime=[ 12.448 ] cputime=[ 8.000 ] occupancy=[ 0.167 ] 
method=[ _Z7tridiagIfEvmPT_S1_S1_S1_S1_ ] gputime=[ 1294.880 ] cputime=[ 6.000 ] occupancy=[ 0.021 ] 
method=[ _Z17ncspline_teardownIfEvmPKT_S2_S2_PS0_S3_ ] gputime=[ 14.624 ] cputime=[ 6.000 ] occupancy=[ 0.167 ] 
method=[ _Z20splint_binary_searchIfEvmPKT_S2_S2_S2_S2_mS2_PS0_ ] gputime=[ 170.144 ] cputime=[ 6.000 ] occupancy=[ 0.167 ] 
method=[ memset32_post ] gputime=[ 1.760 ] cputime=[ 8.000 ] occupancy=[ 0.333 ] 
method=[ _Z14ncspline_setupIfEvmPKT_S2_PS0_S3_S3_S3_ ] gputime=[ 12.384 ] cputime=[ 5.000 ] occupancy=[ 0.167 ] 
method=[ memset32_post ] gputime=[ 3.616 ] cputime=[ 8.000 ] occupancy=[ 0.333 ] 
method=[ _Z9rd_prefixIfEvmPKT_S2_S2_S2_PS0_ ] gputime=[ 17.440 ] cputime=[ 6.000 ] occupancy=[ 0.167 ] 
method=[ _Z7prescanILm9Ef34StaticMatrixMultiplierPrefixStableIfLm3EE18StaticMatrixSetterIfLm3EEEvmPKT0_PS4_T1_T2_ ] gputime=[ 75.360 ] cputime=[ 9.000 ] occupancy=[ 0.167 ] 
method=[ _Z19aggregate_block_sumILm9Ef18StaticMatrixSetterIfLm3EEEvmPKT0_PS2_T1_ ] gputime=[ 20.448 ] cputime=[ 6.000 ] occupancy=[ 0.021 ] 
method=[ _Z7prescanILm9Ef34StaticMatrixMultiplierPrefixStableIfLm3EE18StaticMatrixSetterIfLm3EEEvmPKT0_PS4_T1_T2_ ] gputime=[ 35.168 ] cputime=[ 7.000 ] occupancy=[ 0.021 ] 
method=[ _Z16add_block_cumsumILm9Ef34StaticMatrixMultiplierPrefixStableIfLm3EE18StaticMatrixSetterIfLm3EEEvmPKT0_PS4_T1_T2_ ] gputime=[ 25.280 ] cputime=[ 6.000 ] occupancy=[ 0.167 ] 
method=[ _Z10rd_tridiagIfEvmPKT_PS0_ ] gputime=[ 14.592 ] cputime=[ 8.000 ] occupancy=[ 0.167 ] 
method=[ _Z17ncspline_teardownIfEvmPKT_S2_S2_PS0_S3_ ] gputime=[ 20.608 ] cputime=[ 10.000 ] occupancy=[ 0.167 ] 
method=[ _Z20splint_binary_searchIfEvmPKT_S2_S2_S2_S2_mS2_PS0_ ] gputime=[ 180.672 ] cputime=[ 7.000 ] occupancy=[ 0.167 ] 
method=[ _Z14ncspline_setupIfEvmPKT_S2_PS0_S3_S3_S3_ ] gputime=[ 12.864 ] cputime=[ 8.000 ] occupancy=[ 0.167 ] 
method=[ _Z11crpcrKernelIfEvPT_S1_S1_S1_S1_jj ] gputime=[ 25.184 ] cputime=[ 6.000 ] occupancy=[ 0.333 ] 
method=[ _Z17ncspline_teardownIfEvmPKT_S2_S2_PS0_S3_ ] gputime=[ 14.368 ] cputime=[ 6.000 ] occupancy=[ 0.167 ] 
method=[ _Z20splint_binary_searchIfEvmPKT_S2_S2_S2_S2_mS2_PS0_ ] gputime=[ 169.376 ] cputime=[ 5.000 ] occupancy=[ 0.167 ] 
method=[ memcpyDtoH ] gputime=[ 71.744 ] cputime=[ 177.000 ] 
